TN:
SF:src/config/environment.ts
FN:12,(anonymous_1)
FN:15,(anonymous_2)
FN:143,(anonymous_3)
FN:155,(anonymous_4)
FN:168,(anonymous_5)
FN:175,(anonymous_6)
FN:182,(anonymous_7)
FN:189,(anonymous_8)
FN:193,(anonymous_9)
FN:212,(anonymous_10)
FN:220,(anonymous_11)
FN:224,(anonymous_12)
FNF:12
FNH:0
FNDA:0,(anonymous_1)
FNDA:0,(anonymous_2)
FNDA:0,(anonymous_3)
FNDA:0,(anonymous_4)
FNDA:0,(anonymous_5)
FNDA:0,(anonymous_6)
FNDA:0,(anonymous_7)
FNDA:0,(anonymous_8)
FNDA:0,(anonymous_9)
FNDA:0,(anonymous_10)
FNDA:0,(anonymous_11)
FNDA:0,(anonymous_12)
DA:6,0
DA:7,0
DA:8,0
DA:12,0
DA:13,0
DA:15,0
DA:16,0
DA:17,0
DA:22,0
DA:143,0
DA:145,0
DA:148,0
DA:153,0
DA:154,0
DA:155,0
DA:156,0
DA:158,0
DA:159,0
DA:162,0
DA:168,0
DA:169,0
DA:175,0
DA:176,0
DA:182,0
DA:183,0
DA:189,0
DA:190,0
DA:192,0
DA:193,0
DA:197,0
DA:199,0
DA:201,0
DA:203,0
DA:205,0
DA:212,0
DA:213,0
DA:214,0
DA:220,0
DA:222,0
DA:223,0
DA:224,0
DA:225,0
DA:227,0
DA:228,0
DA:231,0
DA:235,0
LF:46
LH:0
BRDA:153,0,0,0
BRDA:153,0,1,0
BRDA:192,1,0,0
BRDA:192,1,1,0
BRDA:197,2,0,0
BRDA:197,2,1,0
BRDA:197,2,2,0
BRDA:197,2,3,0
BRDA:222,3,0,0
BRDA:222,3,1,0
BRF:10
BRH:0
end_of_record
TN:
SF:src/middleware/rateLimitRedis.ts
FN:33,(anonymous_0)
FN:35,(anonymous_1)
FN:45,(anonymous_2)
FN:46,(anonymous_3)
FN:113,(anonymous_4)
FN:171,(anonymous_5)
FN:210,(anonymous_6)
FN:229,(anonymous_7)
FN:236,(anonymous_8)
FN:243,(anonymous_9)
FN:290,(anonymous_10)
FN:297,(anonymous_11)
FN:304,(anonymous_12)
FN:311,(anonymous_13)
FN:318,(anonymous_14)
FN:322,(anonymous_15)
FN:326,(anonymous_16)
FN:332,(anonymous_17)
FN:336,(anonymous_18)
FNF:19
FNH:0
FNDA:0,(anonymous_0)
FNDA:0,(anonymous_1)
FNDA:0,(anonymous_2)
FNDA:0,(anonymous_3)
FNDA:0,(anonymous_4)
FNDA:0,(anonymous_5)
FNDA:0,(anonymous_6)
FNDA:0,(anonymous_7)
FNDA:0,(anonymous_8)
FNDA:0,(anonymous_9)
FNDA:0,(anonymous_10)
FNDA:0,(anonymous_11)
FNDA:0,(anonymous_12)
FNDA:0,(anonymous_13)
FNDA:0,(anonymous_14)
FNDA:0,(anonymous_15)
FNDA:0,(anonymous_16)
FNDA:0,(anonymous_17)
FNDA:0,(anonymous_18)
DA:7,0
DA:8,0
DA:9,0
DA:29,0
DA:31,0
DA:36,0
DA:37,0
DA:39,0
DA:46,0
DA:47,0
DA:49,0
DA:50,0
DA:51,0
DA:55,0
DA:58,0
DA:59,0
DA:63,0
DA:66,0
DA:73,0
DA:75,0
DA:77,0
DA:86,0
DA:87,0
DA:90,0
DA:95,0
DA:98,0
DA:100,0
DA:105,0
DA:114,0
DA:115,0
DA:116,0
DA:117,0
DA:120,0
DA:150,0
DA:160,0
DA:172,0
DA:173,0
DA:174,0
DA:175,0
DA:177,0
DA:179,0
DA:180,0
DA:182,0
DA:183,0
DA:185,0
DA:192,0
DA:198,0
DA:211,0
DA:212,0
DA:213,0
DA:215,0
DA:216,0
DA:218,0
DA:222,0
DA:230,0
DA:237,0
DA:244,0
DA:245,0
DA:246,0
DA:247,0
DA:248,0
DA:250,0
DA:251,0
DA:252,0
DA:253,0
DA:255,0
DA:256,0
DA:259,0
DA:260,0
DA:261,0
DA:262,0
DA:268,0
DA:269,0
DA:272,0
DA:274,0
DA:277,0
DA:283,0
DA:286,0
DA:290,0
DA:293,0
DA:297,0
DA:300,0
DA:304,0
DA:307,0
DA:311,0
DA:314,0
DA:318,0
DA:322,0
DA:323,0
DA:326,0
DA:332,0
DA:333,0
DA:336,0
LF:93
LH:0
BRDA:36,0,0,0
BRDA:36,0,1,0
BRDA:49,1,0,0
BRDA:49,1,1,0
BRDA:55,2,0,0
BRDA:55,2,1,0
BRDA:58,3,0,0
BRDA:58,3,1,0
BRDA:58,4,0,0
BRDA:58,4,1,0
BRDA:73,5,0,0
BRDA:73,5,1,0
BRDA:75,6,0,0
BRDA:75,6,1,0
BRDA:86,7,0,0
BRDA:86,7,1,0
BRDA:259,8,0,0
BRDA:259,8,1,0
BRDA:261,9,0,0
BRDA:261,9,1,0
BRDA:268,10,0,0
BRDA:268,10,1,0
BRDA:290,11,0,0
BRDA:290,11,1,0
BRDA:297,12,0,0
BRDA:297,12,1,0
BRDA:304,13,0,0
BRDA:304,13,1,0
BRDA:311,14,0,0
BRDA:311,14,1,0
BRF:30
BRH:0
end_of_record
TN:
SF:src/middleware/validation.ts
FN:16,(anonymous_0)
FN:25,(anonymous_1)
FN:34,(anonymous_2)
FN:41,(anonymous_3)
FN:43,(anonymous_4)
FN:51,(anonymous_5)
FN:57,(anonymous_6)
FN:63,(anonymous_7)
FN:70,(anonymous_8)
FN:78,(anonymous_9)
FN:87,(anonymous_10)
FN:93,(anonymous_11)
FN:110,(anonymous_12)
FN:118,(anonymous_13)
FN:125,(anonymous_14)
FN:134,(anonymous_15)
FN:145,(anonymous_16)
FN:154,(anonymous_17)
FN:156,(anonymous_18)
FN:249,(anonymous_19)
FN:297,(anonymous_20)
FN:304,(anonymous_21)
FN:307,(anonymous_22)
FN:311,(anonymous_23)
FN:317,(anonymous_24)
FN:335,(anonymous_25)
FN:344,(anonymous_26)
FN:365,(anonymous_27)
FN:375,(anonymous_28)
FN:389,(anonymous_29)
FN:417,(anonymous_30)
FN:424,(anonymous_31)
FN:436,(anonymous_32)
FN:458,(anonymous_33)
FN:459,(anonymous_34)
FN:472,(anonymous_35)
FNF:36
FNH:0
FNDA:0,(anonymous_0)
FNDA:0,(anonymous_1)
FNDA:0,(anonymous_2)
FNDA:0,(anonymous_3)
FNDA:0,(anonymous_4)
FNDA:0,(anonymous_5)
FNDA:0,(anonymous_6)
FNDA:0,(anonymous_7)
FNDA:0,(anonymous_8)
FNDA:0,(anonymous_9)
FNDA:0,(anonymous_10)
FNDA:0,(anonymous_11)
FNDA:0,(anonymous_12)
FNDA:0,(anonymous_13)
FNDA:0,(anonymous_14)
FNDA:0,(anonymous_15)
FNDA:0,(anonymous_16)
FNDA:0,(anonymous_17)
FNDA:0,(anonymous_18)
FNDA:0,(anonymous_19)
FNDA:0,(anonymous_20)
FNDA:0,(anonymous_21)
FNDA:0,(anonymous_22)
FNDA:0,(anonymous_23)
FNDA:0,(anonymous_24)
FNDA:0,(anonymous_25)
FNDA:0,(anonymous_26)
FNDA:0,(anonymous_27)
FNDA:0,(anonymous_28)
FNDA:0,(anonymous_29)
FNDA:0,(anonymous_30)
FNDA:0,(anonymous_31)
FNDA:0,(anonymous_32)
FNDA:0,(anonymous_33)
FNDA:0,(anonymous_34)
FNDA:0,(anonymous_35)
DA:6,0
DA:8,0
DA:14,0
DA:17,0
DA:26,0
DA:35,0
DA:42,0
DA:44,0
DA:45,0
DA:47,0
DA:52,0
DA:58,0
DA:64,0
DA:71,0
DA:79,0
DA:88,0
DA:93,0
DA:111,0
DA:119,0
DA:126,0
DA:134,0
DA:146,0
DA:147,0
DA:149,0
DA:155,0
DA:157,0
DA:158,0
DA:161,0
DA:162,0
DA:163,0
DA:166,0
DA:167,0
DA:168,0
DA:171,0
DA:178,0
DA:240,0
DA:250,0
DA:251,0
DA:253,0
DA:296,0
DA:299,0
DA:300,0
DA:302,0
DA:303,0
DA:304,0
DA:308,0
DA:310,0
DA:311,0
DA:314,0
DA:319,0
DA:324,0
DA:325,0
DA:327,0
DA:335,0
DA:340,0
DA:342,0
DA:343,0
DA:344,0
DA:350,0
DA:356,0
DA:359,0
DA:365,0
DA:366,0
DA:375,0
DA:380,0
DA:381,0
DA:383,0
DA:389,0
DA:390,0
DA:391,0
DA:394,0
DA:395,0
DA:398,0
DA:400,0
DA:401,0
DA:403,0
DA:404,0
DA:405,0
DA:407,0
DA:411,0
DA:417,0
DA:422,0
DA:424,0
DA:425,0
DA:426,0
DA:427,0
DA:429,0
DA:430,0
DA:433,0
DA:436,0
DA:438,0
DA:439,0
DA:440,0
DA:445,0
DA:448,0
DA:449,0
DA:451,0
DA:458,0
DA:459,0
DA:460,0
DA:462,0
DA:463,0
DA:464,0
DA:469,0
DA:472,0
DA:473,0
DA:474,0
DA:479,0
DA:482,0
DA:486,0
LF:110
LH:0
BRDA:44,0,0,0
BRDA:44,0,1,0
BRDA:51,1,0,0
BRDA:57,2,0,0
BRDA:146,3,0,0
BRDA:146,3,1,0
BRDA:146,4,0,0
BRDA:146,4,1,0
BRDA:157,5,0,0
BRDA:157,5,1,0
BRDA:162,6,0,0
BRDA:162,6,1,0
BRDA:167,7,0,0
BRDA:167,7,1,0
BRDA:250,8,0,0
BRDA:250,8,1,0
BRDA:303,9,0,0
BRDA:303,9,1,0
BRDA:308,10,0,0
BRDA:308,10,1,0
BRDA:308,11,0,0
BRDA:308,11,1,0
BRDA:311,12,0,0
BRDA:311,12,1,0
BRDA:325,13,0,0
BRDA:325,13,1,0
BRDA:327,14,0,0
BRDA:327,14,1,0
BRDA:327,14,2,0
BRDA:327,14,3,0
BRDA:342,15,0,0
BRDA:342,15,1,0
BRDA:345,16,0,0
BRDA:345,16,1,0
BRDA:347,17,0,0
BRDA:347,17,1,0
BRDA:380,18,0,0
BRDA:380,18,1,0
BRDA:380,19,0,0
BRDA:380,19,1,0
BRDA:390,20,0,0
BRDA:390,20,1,0
BRDA:390,21,0,0
BRDA:390,21,1,0
BRDA:394,22,0,0
BRDA:394,22,1,0
BRDA:401,23,0,0
BRDA:401,23,1,0
BRDA:404,24,0,0
BRDA:404,24,1,0
BRDA:404,25,0,0
BRDA:404,25,1,0
BRDA:425,26,0,0
BRDA:425,26,1,0
BRDA:429,27,0,0
BRDA:429,27,1,0
BRDA:438,28,0,0
BRDA:438,28,1,0
BRDA:441,29,0,0
BRDA:441,29,1,0
BRDA:462,30,0,0
BRDA:462,30,1,0
BRDA:462,31,0,0
BRDA:462,31,1,0
BRDA:462,31,2,0
BRDA:472,32,0,0
BRDA:472,32,1,0
BRDA:472,33,0,0
BRDA:472,33,1,0
BRF:69
BRH:0
end_of_record
TN:
SF:src/routes/character.routes.ts
FN:12,createCharacterRoutes
FNF:1
FNH:0
FNDA:0,createCharacterRoutes
DA:6,0
DA:7,0
DA:8,0
DA:9,0
DA:12,0
DA:13,0
DA:14,0
DA:17,0
DA:20,0
DA:23,0
DA:30,0
DA:36,0
DA:44,0
DA:51,0
DA:59,0
DA:66,0
LF:16
LH:0
BRF:0
BRH:0
end_of_record
TN:
SF:src/routes/combat.routes.ts
FN:12,createCombatRoutes
FNF:1
FNH:0
FNDA:0,createCombatRoutes
DA:6,0
DA:7,0
DA:8,0
DA:9,0
DA:12,0
DA:13,0
DA:14,0
DA:17,0
DA:23,0
DA:33,0
DA:43,0
DA:53,0
DA:63,0
DA:73,0
DA:82,0
DA:88,0
LF:16
LH:0
BRF:0
BRH:0
end_of_record
TN:
SF:src/routes/health.routes.ts
FN:18,(anonymous_9)
FN:45,(anonymous_10)
FN:49,(anonymous_11)
FN:50,(anonymous_12)
FN:95,(anonymous_13)
FN:110,(anonymous_14)
FN:117,(anonymous_15)
FN:135,(anonymous_16)
FN:180,(anonymous_17)
FN:215,(anonymous_18)
FN:229,(anonymous_19)
FN:287,(anonymous_20)
FN:309,(anonymous_21)
FN:331,(anonymous_22)
FNF:14
FNH:0
FNDA:0,(anonymous_9)
FNDA:0,(anonymous_10)
FNDA:0,(anonymous_11)
FNDA:0,(anonymous_12)
FNDA:0,(anonymous_13)
FNDA:0,(anonymous_14)
FNDA:0,(anonymous_15)
FNDA:0,(anonymous_16)
FNDA:0,(anonymous_17)
FNDA:0,(anonymous_18)
FNDA:0,(anonymous_19)
FNDA:0,(anonymous_20)
FNDA:0,(anonymous_21)
FNDA:0,(anonymous_22)
DA:6,0
DA:7,0
DA:8,0
DA:9,0
DA:10,0
DA:11,0
DA:13,0
DA:18,0
DA:19,0
DA:21,0
DA:22,0
DA:23,0
DA:25,0
DA:32,0
DA:33,0
DA:45,0
DA:46,0
DA:48,0
DA:49,0
DA:50,0
DA:53,0
DA:54,0
DA:56,0
DA:58,0
DA:60,0
DA:74,0
DA:82,0
DA:83,0
DA:95,0
DA:96,0
DA:97,0
DA:98,0
DA:100,0
DA:110,0
DA:111,0
DA:114,0
DA:115,0
DA:117,0
DA:118,0
DA:119,0
DA:121,0
DA:124,0
DA:126,0
DA:135,0
DA:136,0
DA:137,0
DA:142,0
DA:147,0
DA:152,0
DA:155,0
DA:159,0
DA:161,0
DA:166,0
DA:180,0
DA:181,0
DA:182,0
DA:184,0
DA:185,0
DA:193,0
DA:203,0
DA:215,0
DA:216,0
DA:229,0
DA:230,0
DA:231,0
DA:236,0
DA:241,0
DA:246,0
DA:255,0
DA:264,0
DA:268,0
DA:270,0
DA:275,0
DA:287,0
DA:288,0
DA:289,0
DA:291,0
DA:296,0
DA:309,0
DA:310,0
DA:311,0
DA:313,0
DA:318,0
DA:331,0
DA:332,0
DA:333,0
DA:335,0
DA:357,0
DA:360,0
LF:89
LH:0
BRDA:26,0,0,0
BRDA:26,0,1,0
BRDA:28,1,0,0
BRDA:28,1,1,0
BRDA:36,2,0,0
BRDA:36,2,1,0
BRDA:56,3,0,0
BRDA:56,3,1,0
BRDA:62,4,0,0
BRDA:62,4,1,0
BRDA:77,5,0,0
BRDA:77,5,1,0
BRDA:86,6,0,0
BRDA:86,6,1,0
BRDA:155,7,0,0
BRDA:155,7,1,0
BRDA:156,8,0,0
BRDA:156,8,1,0
BRDA:162,9,0,0
BRDA:162,9,1,0
BRDA:163,10,0,0
BRDA:163,10,1,0
BRDA:184,11,0,0
BRDA:184,11,1,0
BRDA:206,12,0,0
BRDA:206,12,1,0
BRDA:264,13,0,0
BRDA:264,13,1,0
BRDA:265,14,0,0
BRDA:265,14,1,0
BRDA:271,15,0,0
BRDA:271,15,1,0
BRDA:272,16,0,0
BRDA:272,16,1,0
BRDA:291,17,0,0
BRDA:291,17,1,0
BRDA:299,18,0,0
BRDA:299,18,1,0
BRDA:313,19,0,0
BRDA:313,19,1,0
BRDA:321,20,0,0
BRDA:321,20,1,0
BRF:42
BRH:0
end_of_record
TN:
SF:src/routes/movement.routes.ts
FN:12,createMovementRoutes
FNF:1
FNH:0
FNDA:0,createMovementRoutes
DA:6,0
DA:7,0
DA:8,0
DA:9,0
DA:12,0
DA:13,0
DA:14,0
DA:17,0
DA:23,0
DA:33,0
DA:43,0
DA:53,0
DA:62,0
DA:71,0
DA:80,0
DA:86,0
LF:16
LH:0
BRF:0
BRH:0
end_of_record
TN:
SF:src/services/EquipmentService.ts
FN:27,(anonymous_0)
FN:35,(anonymous_1)
FN:85,(anonymous_2)
FN:111,(anonymous_3)
FN:138,(anonymous_4)
FN:157,(anonymous_5)
FN:160,(anonymous_6)
FNF:7
FNH:0
FNDA:0,(anonymous_0)
FNDA:0,(anonymous_1)
FNDA:0,(anonymous_2)
FNDA:0,(anonymous_3)
FNDA:0,(anonymous_4)
FNDA:0,(anonymous_5)
FNDA:0,(anonymous_6)
DA:7,0
DA:8,0
DA:24,0
DA:28,0
DA:36,0
DA:39,0
DA:41,0
DA:42,0
DA:48,0
DA:49,0
DA:50,0
DA:53,0
DA:57,0
DA:58,0
DA:60,0
DA:66,0
DA:69,0
DA:73,0
DA:77,0
DA:86,0
DA:88,0
DA:90,0
DA:99,0
DA:103,0
DA:112,0
DA:113,0
DA:115,0
DA:116,0
DA:119,0
DA:126,0
DA:130,0
DA:139,0
DA:142,0
DA:145,0
DA:149,0
DA:158,0
DA:159,0
DA:160,0
DA:163,0
DA:168,0
LF:40
LH:0
BRDA:48,0,0,0
BRDA:48,0,1,0
BRDA:75,1,0,0
BRDA:75,1,1,0
BRDA:101,2,0,0
BRDA:101,2,1,0
BRDA:115,3,0,0
BRDA:115,3,1,0
BRDA:128,4,0,0
BRDA:128,4,1,0
BRDA:147,5,0,0
BRDA:147,5,1,0
BRDA:166,6,0,0
BRDA:166,6,1,0
BRF:14
BRH:0
end_of_record
TN:
SF:src/services/RealtimeService.ts
FN:14,(anonymous_0)
FN:21,(anonymous_1)
FN:42,(anonymous_2)
FN:63,(anonymous_3)
FN:84,(anonymous_4)
FN:112,(anonymous_5)
FN:133,(anonymous_6)
FN:152,(anonymous_7)
FN:182,(anonymous_8)
FN:184,(anonymous_9)
FN:205,(anonymous_10)
FN:224,(anonymous_11)
FN:231,(anonymous_12)
FN:238,(anonymous_13)
FN:245,(anonymous_14)
FN:249,(anonymous_15)
FN:264,(anonymous_16)
FN:273,(anonymous_17)
FN:278,(anonymous_18)
FN:287,(anonymous_19)
FN:312,(anonymous_20)
FNF:21
FNH:0
FNDA:0,(anonymous_0)
FNDA:0,(anonymous_1)
FNDA:0,(anonymous_2)
FNDA:0,(anonymous_3)
FNDA:0,(anonymous_4)
FNDA:0,(anonymous_5)
FNDA:0,(anonymous_6)
FNDA:0,(anonymous_7)
FNDA:0,(anonymous_8)
FNDA:0,(anonymous_9)
FNDA:0,(anonymous_10)
FNDA:0,(anonymous_11)
FNDA:0,(anonymous_12)
FNDA:0,(anonymous_13)
FNDA:0,(anonymous_14)
FNDA:0,(anonymous_15)
FNDA:0,(anonymous_16)
FNDA:0,(anonymous_17)
FNDA:0,(anonymous_18)
FNDA:0,(anonymous_19)
FNDA:0,(anonymous_20)
DA:7,0
DA:8,0
DA:10,0
DA:12,0
DA:15,0
DA:22,0
DA:23,0
DA:24,0
DA:26,0
DA:27,0
DA:30,0
DA:35,0
DA:43,0
DA:44,0
DA:45,0
DA:47,0
DA:48,0
DA:51,0
DA:56,0
DA:64,0
DA:65,0
DA:66,0
DA:68,0
DA:69,0
DA:72,0
DA:77,0
DA:85,0
DA:87,0
DA:88,0
DA:89,0
DA:90,0
DA:93,0
DA:94,0
DA:96,0
DA:97,0
DA:100,0
DA:105,0
DA:113,0
DA:114,0
DA:115,0
DA:117,0
DA:118,0
DA:121,0
DA:126,0
DA:134,0
DA:135,0
DA:137,0
DA:138,0
DA:141,0
DA:145,0
DA:153,0
DA:154,0
DA:161,0
DA:163,0
DA:170,0
DA:175,0
DA:183,0
DA:184,0
DA:185,0
DA:187,0
DA:193,0
DA:198,0
DA:206,0
DA:207,0
DA:213,0
DA:217,0
DA:225,0
DA:232,0
DA:239,0
DA:246,0
DA:247,0
DA:249,0
DA:251,0
DA:253,0
DA:259,0
DA:265,0
DA:274,0
DA:275,0
DA:280,0
DA:288,0
DA:289,0
DA:290,0
DA:292,0
DA:293,0
DA:295,0
DA:303,0
DA:308,0
DA:313,0
DA:314,0
DA:315,0
DA:317,0
DA:318,0
DA:320,0
DA:328,0
DA:333,0
LF:95
LH:0
BRDA:33,0,0,0
BRDA:33,0,1,0
BRDA:54,1,0,0
BRDA:54,1,1,0
BRDA:75,2,0,0
BRDA:75,2,1,0
BRDA:88,3,0,0
BRDA:88,3,1,0
BRDA:103,4,0,0
BRDA:103,4,1,0
BRDA:124,5,0,0
BRDA:124,5,1,0
BRDA:143,6,0,0
BRDA:143,6,1,0
BRDA:152,7,0,0
BRDA:173,8,0,0
BRDA:173,8,1,0
BRDA:196,9,0,0
BRDA:196,9,1,0
BRDA:215,10,0,0
BRDA:215,10,1,0
BRDA:251,11,0,0
BRDA:251,11,1,0
BRDA:274,12,0,0
BRDA:274,12,1,0
BRDA:292,13,0,0
BRDA:292,13,1,0
BRDA:306,14,0,0
BRDA:306,14,1,0
BRDA:317,15,0,0
BRDA:317,15,1,0
BRDA:331,16,0,0
BRDA:331,16,1,0
BRF:33
BRH:0
end_of_record
TN:
SF:src/types/affinity.types.ts
FN:192,(anonymous_0)
FNF:1
FNH:0
FNDA:0,(anonymous_0)
DA:83,0
DA:96,0
DA:171,0
DA:191,0
DA:194,0
DA:195,0
DA:197,0
DA:198,0
DA:202,0
LF:9
LH:0
BRDA:195,0,0,0
BRF:1
BRH:0
end_of_record
TN:
SF:src/types/character.types.ts
FNF:0
FNH:0
DA:200,0
DA:223,0
LF:2
LH:0
BRF:0
BRH:0
end_of_record
TN:
SF:src/types/combat.types.ts
FN:69,(anonymous_0)
FN:77,(anonymous_1)
FN:85,(anonymous_2)
FN:92,(anonymous_3)
FN:98,(anonymous_4)
FN:106,(anonymous_5)
FN:126,(anonymous_6)
FN:218,(anonymous_7)
FN:263,(anonymous_8)
FNF:9
FNH:0
FNDA:0,(anonymous_0)
FNDA:0,(anonymous_1)
FNDA:0,(anonymous_2)
FNDA:0,(anonymous_3)
FNDA:0,(anonymous_4)
FNDA:0,(anonymous_5)
FNDA:0,(anonymous_6)
FNDA:0,(anonymous_7)
FNDA:0,(anonymous_8)
DA:69,0
DA:70,0
DA:71,0
DA:72,0
DA:73,0
DA:74,0
DA:77,0
DA:78,0
DA:79,0
DA:80,0
DA:81,0
DA:82,0
DA:85,0
DA:86,0
DA:87,0
DA:88,0
DA:89,0
DA:92,0
DA:93,0
DA:94,0
DA:95,0
DA:98,0
DA:99,0
DA:100,0
DA:101,0
DA:102,0
DA:103,0
DA:106,0
DA:107,0
DA:108,0
DA:109,0
DA:110,0
DA:111,0
DA:112,0
DA:113,0
DA:126,0
DA:127,0
DA:128,0
DA:129,0
DA:130,0
DA:131,0
DA:132,0
DA:133,0
DA:134,0
DA:135,0
DA:136,0
DA:137,0
DA:218,0
DA:219,0
DA:220,0
DA:221,0
DA:222,0
DA:223,0
DA:224,0
DA:263,0
DA:264,0
DA:265,0
DA:266,0
DA:267,0
DA:268,0
DA:269,0
DA:270,0
DA:271,0
DA:272,0
DA:273,0
DA:274,0
DA:275,0
DA:279,0
LF:68
LH:0
BRDA:69,0,0,0
BRDA:69,0,1,0
BRDA:77,1,0,0
BRDA:77,1,1,0
BRDA:85,2,0,0
BRDA:85,2,1,0
BRDA:92,3,0,0
BRDA:92,3,1,0
BRDA:98,4,0,0
BRDA:98,4,1,0
BRDA:106,5,0,0
BRDA:106,5,1,0
BRDA:126,6,0,0
BRDA:126,6,1,0
BRDA:218,7,0,0
BRDA:218,7,1,0
BRDA:263,8,0,0
BRDA:263,8,1,0
BRF:18
BRH:0
end_of_record
TN:
SF:src/types/progression.types.ts
FNF:0
FNH:0
DA:77,0
DA:111,0
DA:171,0
LF:3
LH:0
BRF:0
BRH:0
end_of_record
TN:
SF:src/types/zone.types.ts
FN:175,(anonymous_0)
FNF:1
FNH:0
FNDA:0,(anonymous_0)
DA:175,0
DA:176,0
DA:177,0
DA:178,0
DA:179,0
DA:180,0
DA:181,0
DA:182,0
DA:183,0
DA:184,0
DA:185,0
DA:186,0
DA:187,0
DA:188,0
DA:192,0
LF:15
LH:0
BRDA:175,0,0,0
BRDA:175,0,1,0
BRF:2
BRH:0
end_of_record
TN:
SF:src/utils/logger.ts
FN:31,(anonymous_1)
FN:43,(anonymous_2)
FN:115,(anonymous_3)
FN:140,(anonymous_4)
FN:162,(anonymous_5)
FN:176,(anonymous_6)
FN:196,(anonymous_7)
FN:218,(anonymous_8)
FN:225,(anonymous_9)
FN:226,(anonymous_10)
FN:227,(anonymous_11)
FN:234,(anonymous_12)
FNF:12
FNH:0
FNDA:0,(anonymous_1)
FNDA:0,(anonymous_2)
FNDA:0,(anonymous_3)
FNDA:0,(anonymous_4)
FNDA:0,(anonymous_5)
FNDA:0,(anonymous_6)
FNDA:0,(anonymous_7)
FNDA:0,(anonymous_8)
FNDA:0,(anonymous_9)
FNDA:0,(anonymous_10)
FNDA:0,(anonymous_11)
FNDA:0,(anonymous_12)
DA:6,0
DA:7,0
DA:8,0
DA:9,0
DA:14,0
DA:26,0
DA:32,0
DA:33,0
DA:34,0
DA:36,0
DA:43,0
DA:44,0
DA:47,0
DA:48,0
DA:57,0
DA:60,0
DA:72,0
DA:84,0
DA:94,0
DA:100,0
DA:115,0
DA:116,0
DA:128,0
DA:129,0
DA:130,0
DA:131,0
DA:133,0
DA:140,0
DA:141,0
DA:150,0
DA:151,0
DA:152,0
DA:153,0
DA:155,0
DA:162,0
DA:163,0
DA:170,0
DA:176,0
DA:177,0
DA:184,0
DA:185,0
DA:186,0
DA:187,0
DA:189,0
DA:196,0
DA:197,0
DA:204,0
DA:205,0
DA:206,0
DA:207,0
DA:208,0
DA:209,0
DA:211,0
DA:218,0
DA:219,0
DA:225,0
DA:226,0
DA:227,0
DA:228,0
DA:234,0
DA:235,0
DA:238,0
LF:62
LH:0
BRDA:33,0,0,0
BRDA:33,0,1,0
BRDA:47,1,0,0
BRDA:47,1,1,0
BRDA:128,2,0,0
BRDA:128,2,1,0
BRDA:130,3,0,0
BRDA:130,3,1,0
BRDA:144,4,0,0
BRDA:144,4,1,0
BRDA:150,5,0,0
BRDA:150,5,1,0
BRDA:152,6,0,0
BRDA:152,6,1,0
BRDA:184,7,0,0
BRDA:184,7,1,0
BRDA:184,8,0,0
BRDA:184,8,1,0
BRDA:186,9,0,0
BRDA:186,9,1,0
BRDA:204,10,0,0
BRDA:204,10,1,0
BRDA:206,11,0,0
BRDA:206,11,1,0
BRDA:208,12,0,0
BRDA:208,12,1,0
BRF:26
BRH:0
end_of_record
TN:
SF:src/utils/validation.ts
FN:12,(anonymous_0)
FN:20,(anonymous_1)
FN:31,(anonymous_2)
FN:57,(anonymous_3)
FN:63,(anonymous_4)
FN:69,(anonymous_5)
FN:74,(anonymous_6)
FNF:7
FNH:0
FNDA:0,(anonymous_0)
FNDA:0,(anonymous_1)
FNDA:0,(anonymous_2)
FNDA:0,(anonymous_3)
FNDA:0,(anonymous_4)
FNDA:0,(anonymous_5)
FNDA:0,(anonymous_6)
DA:1,0
DA:2,0
DA:12,0
DA:13,0
DA:14,0
DA:15,0
DA:17,0
DA:18,0
DA:20,0
DA:26,0
DA:31,0
DA:32,0
DA:33,0
DA:35,0
DA:36,0
DA:38,0
DA:39,0
DA:41,0
DA:42,0
DA:44,0
DA:45,0
DA:47,0
DA:48,0
DA:50,0
DA:51,0
DA:53,0
DA:57,0
DA:58,0
DA:59,0
DA:63,0
DA:64,0
DA:65,0
DA:69,0
DA:70,0
DA:74,0
DA:75,0
LF:36
LH:0
BRDA:17,0,0,0
BRDA:17,0,1,0
BRDA:26,1,0,0
BRDA:26,1,1,0
BRDA:35,2,0,0
BRDA:35,2,1,0
BRDA:38,3,0,0
BRDA:38,3,1,0
BRDA:39,4,0,0
BRDA:39,4,1,0
BRDA:41,5,0,0
BRDA:41,5,1,0
BRDA:44,6,0,0
BRDA:44,6,1,0
BRDA:47,7,0,0
BRDA:47,7,1,0
BRDA:50,8,0,0
BRDA:50,8,1,0
BRF:18
BRH:0
end_of_record
